[debug] [2025-11-14T17:09:55.080Z] ----------------------------------------------------------------------
[debug] [2025-11-14T17:09:55.082Z] Command:       /opt/homebrew/Cellar/node/23.11.0/bin/node /usr/local/bin/firebase init
[debug] [2025-11-14T17:09:55.083Z] CLI Version:   9.23.0
[debug] [2025-11-14T17:09:55.083Z] Platform:      darwin
[debug] [2025-11-14T17:09:55.083Z] Node Version:  v23.11.0
[debug] [2025-11-14T17:09:55.083Z] Time:          Sat Nov 15 2025 01:09:55 GMT+0800 (Hong Kong Standard Time)
[debug] [2025-11-14T17:09:55.083Z] ----------------------------------------------------------------------
[debug] 
[debug] [2025-11-14T17:09:55.109Z] > command requires scopes: ["email","openid","https://www.googleapis.com/auth/cloudplatformprojects.readonly","https://www.googleapis.com/auth/firebase","https://www.googleapis.com/auth/cloud-platform"]
[debug] [2025-11-14T17:09:55.109Z] > authorizing via signed-in user (goldcityventure@gmail.com)
[info] 
     ######## #### ########  ######## ########     ###     ######  ########
     ##        ##  ##     ## ##       ##     ##  ##   ##  ##       ##
     ######    ##  ########  ######   ########  #########  ######  ######
     ##        ##  ##    ##  ##       ##     ## ##     ##       ## ##
     ##       #### ##     ## ######## ########  ##     ##  ######  ########

You're about to initialize a Firebase project in this directory:

  /Users/dansoong/Desktop/eshop

Before we get started, keep in mind:

  * You are initializing within an existing Firebase project directory

[info] 
=== Project Setup
[info] 
[info] First, let's associate this project directory with a Firebase project.
[info] You can create multiple project aliases by running firebase use --add, 
[info] but for now we'll just set up a default project.
[info] 
[info] i  .firebaserc already has a default project, using firebase-vertex-a-i-s-d-saybci. 
[debug] [2025-11-14T17:09:58.778Z] > refreshing access token with scopes: []
[debug] [2025-11-14T17:09:58.779Z] >>> HTTP REQUEST POST https://www.googleapis.com/oauth2/v3/token  
 <request body omitted>
[debug] [2025-11-14T17:09:58.897Z] <<< HTTP RESPONSE 400 {"expires":"Mon, 01 Jan 1990 00:00:00 GMT","date":"Fri, 14 Nov 2025 17:09:58 GMT","pragma":"no-cache","cache-control":"no-cache, no-store, max-age=0, must-revalidate","content-type":"application/json; charset=utf-8","vary":"X-Origin, Referer, Origin,Accept-Encoding","server":"scaffolding on HTTPServer2","x-xss-protection":"0","x-frame-options":"SAMEORIGIN","x-content-type-options":"nosniff","alt-svc":"h3=\":443\"; ma=2592000,h3-29=\":443\"; ma=2592000","accept-ranges":"none","transfer-encoding":"chunked"}
[debug] [2025-11-14T17:09:58.899Z] >>> [apiv2][query] GET https://firebase.googleapis.com/v1beta1/projects/firebase-vertex-a-i-s-d-saybci [none]
[debug] [2025-11-14T17:09:59.020Z] <<< [apiv2][status] GET https://firebase.googleapis.com/v1beta1/projects/firebase-vertex-a-i-s-d-saybci 401
[debug] [2025-11-14T17:09:59.020Z] <<< [apiv2][body] GET https://firebase.googleapis.com/v1beta1/projects/firebase-vertex-a-i-s-d-saybci {"error":{"code":401,"message":"Request had invalid authentication credentials. Expected OAuth 2 access token, login cookie or other valid authentication credential. See https://developers.google.com/identity/sign-in/web/devconsole-project.","status":"UNAUTHENTICATED"}}
[debug] [2025-11-14T17:09:59.021Z] HTTP Error: 401, Request had invalid authentication credentials. Expected OAuth 2 access token, login cookie or other valid authentication credential. See https://developers.google.com/identity/sign-in/web/devconsole-project.
[debug] [2025-11-14T17:09:59.130Z] FirebaseError: HTTP Error: 401, Request had invalid authentication credentials. Expected OAuth 2 access token, login cookie or other valid authentication credential. See https://developers.google.com/identity/sign-in/web/devconsole-project.
    at module.exports (/usr/local/lib/node_modules/firebase-tools/lib/responseToError.js:38:12)
    at Client.doRequest (/usr/local/lib/node_modules/firebase-tools/lib/apiv2.js:241:23)
    at process.processTicksAndRejections (node:internal/process/task_queues:105:5)
    at async Client.request (/usr/local/lib/node_modules/firebase-tools/lib/apiv2.js:96:20)
    at async Object.getFirebaseProject (/usr/local/lib/node_modules/firebase-tools/lib/management/projects.js:290:21)
    at async Object.doSetup [as project] (/usr/local/lib/node_modules/firebase-tools/lib/init/features/project.js:77:27)
    at async init (/usr/local/lib/node_modules/firebase-tools/lib/init/index.js:19:9)
[error] 
[error] Error: Failed to get Firebase project firebase-vertex-a-i-s-d-saybci. Please make sure the project exists and your account has permission to access it.
