[debug] [2025-11-14T17:29:58.896Z] ----------------------------------------------------------------------
[debug] [2025-11-14T17:29:58.897Z] Command:       /opt/homebrew/Cellar/node/23.11.0/bin/node /usr/local/bin/firebase projects:list
[debug] [2025-11-14T17:29:58.898Z] CLI Version:   9.23.0
[debug] [2025-11-14T17:29:58.898Z] Platform:      darwin
[debug] [2025-11-14T17:29:58.898Z] Node Version:  v23.11.0
[debug] [2025-11-14T17:29:58.898Z] Time:          Sat Nov 15 2025 01:29:58 GMT+0800 (Hong Kong Standard Time)
[debug] [2025-11-14T17:29:58.898Z] ----------------------------------------------------------------------
[debug] 
[debug] [2025-11-14T17:29:58.925Z] > command requires scopes: ["email","openid","https://www.googleapis.com/auth/cloudplatformprojects.readonly","https://www.googleapis.com/auth/firebase","https://www.googleapis.com/auth/cloud-platform"]
[debug] [2025-11-14T17:29:58.925Z] > authorizing via signed-in user (goldcityventure@gmail.com)
[debug] [2025-11-14T17:29:58.926Z] > refreshing access token with scopes: []
[debug] [2025-11-14T17:29:58.927Z] >>> HTTP REQUEST POST https://www.googleapis.com/oauth2/v3/token  
 <request body omitted>
[debug] [2025-11-14T17:29:59.042Z] <<< HTTP RESPONSE 400 {"cache-control":"no-cache, no-store, max-age=0, must-revalidate","pragma":"no-cache","expires":"Mon, 01 Jan 1990 00:00:00 GMT","date":"Fri, 14 Nov 2025 17:29:59 GMT","content-type":"application/json; charset=utf-8","vary":"X-Origin, Referer, Origin,Accept-Encoding","server":"scaffolding on HTTPServer2","x-xss-protection":"0","x-frame-options":"SAMEORIGIN","x-content-type-options":"nosniff","alt-svc":"h3=\":443\"; ma=2592000,h3-29=\":443\"; ma=2592000","accept-ranges":"none","transfer-encoding":"chunked"}
[debug] [2025-11-14T17:29:59.043Z] >>> [apiv2][query] GET https://firebase.googleapis.com/v1beta1/projects pageSize=1000
[debug] [2025-11-14T17:29:59.155Z] <<< [apiv2][status] GET https://firebase.googleapis.com/v1beta1/projects 401
[debug] [2025-11-14T17:29:59.155Z] <<< [apiv2][body] GET https://firebase.googleapis.com/v1beta1/projects [omitted]
[debug] [2025-11-14T17:29:59.155Z] HTTP Error: 401, Request had invalid authentication credentials. Expected OAuth 2 access token, login cookie or other valid authentication credential. See https://developers.google.com/identity/sign-in/web/devconsole-project.
[debug] [2025-11-14T17:29:59.244Z] FirebaseError: HTTP Error: 401, Request had invalid authentication credentials. Expected OAuth 2 access token, login cookie or other valid authentication credential. See https://developers.google.com/identity/sign-in/web/devconsole-project.
    at module.exports (/usr/local/lib/node_modules/firebase-tools/lib/responseToError.js:38:12)
    at Client.doRequest (/usr/local/lib/node_modules/firebase-tools/lib/apiv2.js:241:23)
    at process.processTicksAndRejections (node:internal/process/task_queues:105:5)
    at async Client.request (/usr/local/lib/node_modules/firebase-tools/lib/apiv2.js:96:20)
    at async getProjectPage (/usr/local/lib/node_modules/firebase-tools/lib/management/projects.js:233:17)
    at async getFirebaseProjectPage (/usr/local/lib/node_modules/firebase-tools/lib/management/projects.js:250:23)
    at async Object.listFirebaseProjects (/usr/local/lib/node_modules/firebase-tools/lib/management/projects.js:281:29)
    at async Command.actionFn (/usr/local/lib/node_modules/firebase-tools/lib/commands/projects-list.js:50:20)
[error] 
[error] Error: Failed to list Firebase projects. See firebase-debug.log for more info.
